Using pre-set license
Built from '2022.3/staging' branch; Version is '2022.3.2f1 (d74737c6db50) revision 14108471'; Using compiler version '192829333'; Build Type 'Release'
OS: 'Windows 11  (10.0.22621) 64bit Core' Language: 'ja' Physical Memory: 16068 MB
BatchMode: 1, IsHumanControllingUs: 0, StartBugReporterOnCrash: 0, Is64bit: 1, IsPro: 1

COMMAND LINE ARGUMENTS:
C:\Program Files\Unity\Hub\Editor\2022.3.2f1\Editor\Unity.exe
-adb2
-batchMode
-noUpm
-name
AssetImportWorker1
-projectPath
C:/Users/81702/Desktop/Amakasu_Team/chest/TankKnight
-logFile
Logs/AssetImportWorker1.log
-srvPort
5391
Successfully changed project path to: C:/Users/81702/Desktop/Amakasu_Team/chest/TankKnight
C:/Users/81702/Desktop/Amakasu_Team/chest/TankKnight
[UnityMemory] Configuration Parameters - Can be set up in boot.config
    "memorysetup-bucket-allocator-granularity=16"
    "memorysetup-bucket-allocator-bucket-count=8"
    "memorysetup-bucket-allocator-block-size=33554432"
    "memorysetup-bucket-allocator-block-count=8"
    "memorysetup-main-allocator-block-size=16777216"
    "memorysetup-thread-allocator-block-size=16777216"
    "memorysetup-gfx-main-allocator-block-size=16777216"
    "memorysetup-gfx-thread-allocator-block-size=16777216"
    "memorysetup-cache-allocator-block-size=4194304"
    "memorysetup-typetree-allocator-block-size=2097152"
    "memorysetup-profiler-bucket-allocator-granularity=16"
    "memorysetup-profiler-bucket-allocator-bucket-count=8"
    "memorysetup-profiler-bucket-allocator-block-size=33554432"
    "memorysetup-profiler-bucket-allocator-block-count=8"
    "memorysetup-profiler-allocator-block-size=16777216"
    "memorysetup-profiler-editor-allocator-block-size=1048576"
    "memorysetup-temp-allocator-size-main=16777216"
    "memorysetup-job-temp-allocator-block-size=2097152"
    "memorysetup-job-temp-allocator-block-size-background=1048576"
    "memorysetup-job-temp-allocator-reduction-small-platforms=262144"
    "memorysetup-allocator-temp-initial-block-size-main=262144"
    "memorysetup-allocator-temp-initial-block-size-worker=262144"
    "memorysetup-temp-allocator-size-background-worker=32768"
    "memorysetup-temp-allocator-size-job-worker=262144"
    "memorysetup-temp-allocator-size-preload-manager=33554432"
    "memorysetup-temp-allocator-size-nav-mesh-worker=65536"
    "memorysetup-temp-allocator-size-audio-worker=65536"
    "memorysetup-temp-allocator-size-cloud-worker=32768"
    "memorysetup-temp-allocator-size-gi-baking-worker=262144"
    "memorysetup-temp-allocator-size-gfx=262144"
Player connection [19812] Host "[IP] 10.96.1.121 [Port] 0 [Flags] 2 [Guid] 929873999 [EditorId] 929873999 [Version] 1048832 [Id] WindowsEditor(7,DESKTOP-RGVDAAR) [Debug] 1 [PackageName] WindowsEditor [ProjectName] Editor" joined multi-casting on [225.0.0.222:54997]...

Player connection [19812] Host "[IP] 10.96.1.121 [Port] 0 [Flags] 2 [Guid] 929873999 [EditorId] 929873999 [Version] 1048832 [Id] WindowsEditor(7,DESKTOP-RGVDAAR) [Debug] 1 [PackageName] WindowsEditor [ProjectName] Editor" joined alternative multi-casting on [225.0.0.222:34997]...

Refreshing native plugins compatible for Editor in 21.45 ms, found 3 plugins.
Preloading 0 native plugins for Editor in 0.00 ms.
Initialize engine version: 2022.3.2f1 (d74737c6db50)
[Subsystems] Discovering subsystems at path C:/Program Files/Unity/Hub/Editor/2022.3.2f1/Editor/Data/Resources/UnitySubsystems
[Subsystems] Discovering subsystems at path C:/Users/81702/Desktop/Amakasu_Team/chest/TankKnight/Assets
GfxDevice: creating device client; threaded=0; jobified=0
Direct3D:
    Version:  Direct3D 11.0 [level 11.1]
    Renderer: NVIDIA GeForce RTX 3060 Laptop GPU (ID=0x2560)
    Vendor:   NVIDIA
    VRAM:     6009 MB
    Driver:   31.0.15.3623
Initialize mono
Mono path[0] = 'C:/Program Files/Unity/Hub/Editor/2022.3.2f1/Editor/Data/Managed'
Mono path[1] = 'C:/Program Files/Unity/Hub/Editor/2022.3.2f1/Editor/Data/MonoBleedingEdge/lib/mono/unityjit-win32'
Mono config path = 'C:/Program Files/Unity/Hub/Editor/2022.3.2f1/Editor/Data/MonoBleedingEdge/etc'
Using monoOptions --debugger-agent=transport=dt_socket,embedding=1,server=y,suspend=n,address=127.0.0.1:56284
Begin MonoManager ReloadAssembly
Registering precompiled unity dll's ...
Register platform support module: C:/Program Files/Unity/Hub/Editor/2022.3.2f1/Editor/Data/PlaybackEngines/WebGLSupport/UnityEditor.WebGL.Extensions.dll
Register platform support module: C:/Program Files/Unity/Hub/Editor/2022.3.2f1/Editor/Data/PlaybackEngines/WindowsStandaloneSupport/UnityEditor.WindowsStandalone.Extensions.dll
Registered in 0.026698 seconds.
- Loaded All Assemblies, in  0.898 seconds
Native extension for WindowsStandalone target not found
Native extension for WebGL target not found
Mono: successfully reloaded assembly
- Finished resetting the current domain, in  0.405 seconds
Domain Reload Profiling: 1295ms
	BeginReloadAssembly (310ms)
		ExecutionOrderSort (0ms)
		DisableScriptedObjects (0ms)
		BackupInstance (0ms)
		ReleaseScriptingObjects (0ms)
		CreateAndSetChildDomain (3ms)
	RebuildCommonClasses (89ms)
	RebuildNativeTypeToScriptingClass (23ms)
	initialDomainReloadingComplete (143ms)
	LoadAllAssembliesAndSetupDomain (324ms)
		LoadAssemblies (301ms)
		RebuildTransferFunctionScriptingTraits (0ms)
		AnalyzeDomain (307ms)
			TypeCache.Refresh (305ms)
				TypeCache.ScanAssembly (285ms)
			ScanForSourceGeneratedMonoScriptInfo (1ms)
			ResolveRequiredComponents (1ms)
	FinalizeReload (406ms)
		ReleaseScriptCaches (0ms)
		RebuildScriptCaches (0ms)
		SetupLoadedEditorAssemblies (299ms)
			LogAssemblyErrors (0ms)
			InitializePlatformSupportModulesInManaged (19ms)
			SetLoadedEditorAssemblies (9ms)
			RefreshPlugins (0ms)
			BeforeProcessingInitializeOnLoad (4ms)
			ProcessInitializeOnLoadAttributes (195ms)
			ProcessInitializeOnLoadMethodAttributes (73ms)
			AfterProcessingInitializeOnLoad (0ms)
			EditorAssembliesLoaded (0ms)
		ExecutionOrderSort2 (0ms)
		AwakeInstancesAfterBackupRestoration (0ms)
========================================================================
Worker process is ready to serve import requests
Begin MonoManager ReloadAssembly
Symbol file LoadedFromMemory doesn't match image C:\Users\81702\Desktop\Amakasu_Team\chest\TankKnight\Library\PackageCache\com.unity.visualscripting@1.8.0\Editor\VisualScripting.Core\Dependencies\YamlDotNet\Unity.VisualScripting.YamlDotNet.dll
Symbol file LoadedFromMemory doesn't match image C:\Users\81702\Desktop\Amakasu_Team\chest\TankKnight\Library\PackageCache\com.unity.visualscripting@1.8.0\Editor\VisualScripting.Core\Dependencies\DotNetZip\Unity.VisualScripting.IonicZip.dll
- Loaded All Assemblies, in  1.674 seconds
Refreshing native plugins compatible for Editor in 8.08 ms, found 3 plugins.
Native extension for WindowsStandalone target not found
Native extension for WebGL target not found
Mono: successfully reloaded assembly
- Finished resetting the current domain, in  1.283 seconds
Domain Reload Profiling: 2947ms
	BeginReloadAssembly (250ms)
		ExecutionOrderSort (0ms)
		DisableScriptedObjects (10ms)
		BackupInstance (0ms)
		ReleaseScriptingObjects (0ms)
		CreateAndSetChildDomain (38ms)
	RebuildCommonClasses (61ms)
	RebuildNativeTypeToScriptingClass (20ms)
	initialDomainReloadingComplete (90ms)
	LoadAllAssembliesAndSetupDomain (1244ms)
		LoadAssemblies (785ms)
		RebuildTransferFunctionScriptingTraits (0ms)
		AnalyzeDomain (572ms)
			TypeCache.Refresh (511ms)
				TypeCache.ScanAssembly (490ms)
			ScanForSourceGeneratedMonoScriptInfo (40ms)
			ResolveRequiredComponents (21ms)
	FinalizeReload (1284ms)
		ReleaseScriptCaches (0ms)
		RebuildScriptCaches (0ms)
		SetupLoadedEditorAssemblies (973ms)
			LogAssemblyErrors (0ms)
			InitializePlatformSupportModulesInManaged (16ms)
			SetLoadedEditorAssemblies (9ms)
			RefreshPlugins (0ms)
			BeforeProcessingInitializeOnLoad (231ms)
			ProcessInitializeOnLoadAttributes (563ms)
			ProcessInitializeOnLoadMethodAttributes (135ms)
			AfterProcessingInitializeOnLoad (17ms)
			EditorAssembliesLoaded (0ms)
		ExecutionOrderSort2 (0ms)
		AwakeInstancesAfterBackupRestoration (14ms)
Launched and connected shader compiler UnityShaderCompiler.exe after 0.14 seconds
Refreshing native plugins compatible for Editor in 10.14 ms, found 3 plugins.
Preloading 0 native plugins for Editor in 0.00 ms.
Unloading 4920 Unused Serialized files (Serialized files now loaded: 0)
Unloading 68 unused Assets / (0.7 MB). Loaded Objects now: 5377.
Memory consumption went from 183.2 MB to 182.5 MB.
Total: 7.426100 ms (FindLiveObjects: 0.452100 ms CreateObjectMapping: 0.332800 ms MarkObjects: 5.695400 ms  DeleteObjects: 0.943700 ms)

AssetImportParameters requested are different than current active one (requested -> active):
  custom:container-demuxer-ogg: 62fdf1f143b41e24485cea50d1cbac27 -> 
  custom:video-codec-MediaFoundation-h265: 746d11721c4dcdbdad8f713fa42b33f4 -> 
  custom:video-decoder-ogg-theora: a1e56fd34408186e4bbccfd4996cb3dc -> 
  custom:framework-win-MediaFoundation: 216162199b28c13a410421893ffa2e32 -> 
  custom:container-demuxer-webm: 4f35f7cbe854078d1ac9338744f61a02 -> 
  custom:container-muxer-webm: aa71ff27fc2769a1b78a27578f13a17b -> 
  custom:video-decoder-webm-vp8: 9c59270c3fd7afecdb556c50c9e8de78 -> 
  custom:AudioImporter_EditorPlatform: d09bf68614088b80899f8185d706f6e7 -> 
  custom:video-encoder-webm-vp8: eb34c28f22e8b96e1ab97ce403110664 -> 
  custom:audio-decoder-ogg-vorbis: bf7c407c2cedff20999df2af8eb42d56 -> 
  custom:audio-encoder-webm-vorbis: bf7c407c2cedff20999df2af8eb42d56 -> 
========================================================================
Received Import Request.
  Time since last request: 72759.004756 seconds.
  path: Assets/TutorialInfo/Scripts
  artifactKey: Guid(5a9bcd70e6a4b4b05badaa72e827d8e0) Importer(815301076,1909f56bfc062723c751e8b465ee728b)
Start importing Assets/TutorialInfo/Scripts using Guid(5a9bcd70e6a4b4b05badaa72e827d8e0) Importer(815301076,1909f56bfc062723c751e8b465ee728b)  -> (artifact id: '0dad9017f83fe25806db5d6214454025') in 0.005135 seconds
Number of updated asset objects reloaded before import = 0
Number of asset objects unloaded after import = 0
========================================================================
Received Import Request.
  Time since last request: 12.582759 seconds.
  path: Assets/Kawaii_Tanks_Project (Free)/Others/Particle_Glow.mat
  artifactKey: Guid(a5e6998ce21271c418a5e55aed20adda) Importer(815301076,1909f56bfc062723c751e8b465ee728b)
Start importing Assets/Kawaii_Tanks_Project (Free)/Others/Particle_Glow.mat using Guid(a5e6998ce21271c418a5e55aed20adda) Importer(815301076,1909f56bfc062723c751e8b465ee728b)  -> (artifact id: 'cbef843e0e90c1e8d5c5f76db6b15d17') in 0.119039 seconds
Number of updated asset objects reloaded before import = 0
Number of asset objects unloaded after import = 1
========================================================================
Received Import Request.
  Time since last request: 0.000024 seconds.
  path: Assets/Kawaii_Tanks_Project (Free)/Others/Particle_Trail.mat
  artifactKey: Guid(16f30964ac964104690babd68f3268f3) Importer(815301076,1909f56bfc062723c751e8b465ee728b)
Start importing Assets/Kawaii_Tanks_Project (Free)/Others/Particle_Trail.mat using Guid(16f30964ac964104690babd68f3268f3) Importer(815301076,1909f56bfc062723c751e8b465ee728b)  -> (artifact id: '59f32f6cf9e54dffa03921897103265a') in 0.016261 seconds
Number of updated asset objects reloaded before import = 0
Number of asset objects unloaded after import = 2
========================================================================
Received Import Request.
  Time since last request: 0.000025 seconds.
  path: Assets/Kawaii_Tanks_Project (Free)/Others/PhysicMat_Wheels.physicMaterial
  artifactKey: Guid(5b37615f506c24f44ac1bb72ce66298f) Importer(815301076,1909f56bfc062723c751e8b465ee728b)
Start importing Assets/Kawaii_Tanks_Project (Free)/Others/PhysicMat_Wheels.physicMaterial using Guid(5b37615f506c24f44ac1bb72ce66298f) Importer(815301076,1909f56bfc062723c751e8b465ee728b)  -> (artifact id: 'c945b8edf75db65c89f8cc150e168bf7') in 0.002429 seconds
Number of updated asset objects reloaded before import = 0
Number of asset objects unloaded after import = 1
========================================================================
Received Import Request.
  Time since last request: 0.000275 seconds.
  path: Assets/Kawaii_Tanks_Project (Free)/Others/PhysicMat_Zero.physicMaterial
  artifactKey: Guid(7a801115a1fe42a4082e170a6cab8c86) Importer(815301076,1909f56bfc062723c751e8b465ee728b)
Start importing Assets/Kawaii_Tanks_Project (Free)/Others/PhysicMat_Zero.physicMaterial using Guid(7a801115a1fe42a4082e170a6cab8c86) Importer(815301076,1909f56bfc062723c751e8b465ee728b)  -> (artifact id: 'd3d22683b8c2c1c38a16cb0febb69dea') in 0.002193 seconds
Number of updated asset objects reloaded before import = 0
Number of asset objects unloaded after import = 1
========================================================================
Received Import Request.
  Time since last request: 0.000034 seconds.
  path: Assets/Kawaii_Tanks_Project (Free)/Others/Particle_Smoke.mat
  artifactKey: Guid(e1c8fa91619d4e84494ded335096d2f3) Importer(815301076,1909f56bfc062723c751e8b465ee728b)
Start importing Assets/Kawaii_Tanks_Project (Free)/Others/Particle_Smoke.mat using Guid(e1c8fa91619d4e84494ded335096d2f3) Importer(815301076,1909f56bfc062723c751e8b465ee728b)  -> (artifact id: '67b8a008d11fabf6e2da8d3677e6bab1') in 0.049934 seconds
Number of updated asset objects reloaded before import = 0
Number of asset objects unloaded after import = 2
========================================================================
Received Import Request.
  Time since last request: 0.000017 seconds.
  path: Assets/Kawaii_Tanks_Project (Free)/Others/PhysicMat_Bullet.physicMaterial
  artifactKey: Guid(e5d5a615f0b92874ea47b1a8c86cf750) Importer(815301076,1909f56bfc062723c751e8b465ee728b)
Start importing Assets/Kawaii_Tanks_Project (Free)/Others/PhysicMat_Bullet.physicMaterial using Guid(e5d5a615f0b92874ea47b1a8c86cf750) Importer(815301076,1909f56bfc062723c751e8b465ee728b)  -> (artifact id: 'ea63621cf0c467d6eee3b21c8e7413b6') in 0.001313 seconds
Number of updated asset objects reloaded before import = 0
Number of asset objects unloaded after import = 1
========================================================================
Received Import Request.
  Time since last request: 0.374837 seconds.
  path: Assets/Kawaii_Tanks_Project (Free)/Prefabs/SD_Tiger-I_2.0.prefab
  artifactKey: Guid(37011bb60ee4c374a96651f3a67b4ade) Importer(815301076,1909f56bfc062723c751e8b465ee728b)
Start importing Assets/Kawaii_Tanks_Project (Free)/Prefabs/SD_Tiger-I_2.0.prefab using Guid(37011bb60ee4c374a96651f3a67b4ade) Importer(815301076,1909f56bfc062723c751e8b465ee728b)  -> (artifact id: 'f2a32510cd6e37e4cb347f2d6baab20a') in 0.531560 seconds
Number of updated asset objects reloaded before import = 0
Number of asset objects unloaded after import = 458
========================================================================
Received Import Request.
  Time since last request: 627.722716 seconds.
  path: Assets/FourEvilDragonsPBR/Mesh/DragonSoulEaterMesh.fbx
  artifactKey: Guid(f14db21b5e70e3d4ab6f0e158099a341) Importer(815301076,1909f56bfc062723c751e8b465ee728b)
Start importing Assets/FourEvilDragonsPBR/Mesh/DragonSoulEaterMesh.fbx using Guid(f14db21b5e70e3d4ab6f0e158099a341) Importer(815301076,1909f56bfc062723c751e8b465ee728b)  -> (artifact id: 'ae15d2874213ba4257c2b09ebe346ee2') in 0.098483 seconds
Number of updated asset objects reloaded before import = 0
Number of asset objects unloaded after import = 133
========================================================================
Received Import Request.
  Time since last request: 0.000021 seconds.
  path: Assets/FourEvilDragonsPBR/Mesh/DragonUsurperMesh.fbx
  artifactKey: Guid(79b50b34e44b5fd4db1cdc9535a3c86b) Importer(815301076,1909f56bfc062723c751e8b465ee728b)
Start importing Assets/FourEvilDragonsPBR/Mesh/DragonUsurperMesh.fbx using Guid(79b50b34e44b5fd4db1cdc9535a3c86b) Importer(815301076,1909f56bfc062723c751e8b465ee728b)  -> (artifact id: '31720440a6bfb2042b80b91751d9326d') in 0.094612 seconds
Number of updated asset objects reloaded before import = 0
Number of asset objects unloaded after import = 248
========================================================================
Received Import Request.
  Time since last request: 4.989564 seconds.
  path: Assets/FourEvilDragonsPBR/Materials/Stage.mat
  artifactKey: Guid(34466cf7960487a4380913c62e795ebd) Importer(815301076,1909f56bfc062723c751e8b465ee728b)
Start importing Assets/FourEvilDragonsPBR/Materials/Stage.mat using Guid(34466cf7960487a4380913c62e795ebd) Importer(815301076,1909f56bfc062723c751e8b465ee728b)  -> (artifact id: '1cf049afacaaac7da2b4082f30eb6627') in 0.186191 seconds
Number of updated asset objects reloaded before import = 0
Number of asset objects unloaded after import = 1
========================================================================
Received Import Request.
  Time since last request: 49.448563 seconds.
  path: Assets/Kawaii_Tanks_Project (Free)/Prefabs/Props/Hedge_B.prefab
  artifactKey: Guid(8739ce8bfa4f23d41ba8592824156547) Importer(815301076,1909f56bfc062723c751e8b465ee728b)
Start importing Assets/Kawaii_Tanks_Project (Free)/Prefabs/Props/Hedge_B.prefab using Guid(8739ce8bfa4f23d41ba8592824156547) Importer(815301076,1909f56bfc062723c751e8b465ee728b)  -> (artifact id: 'e249dbb820d40f34a42b12690b6aad2b') in 0.041916 seconds
Number of updated asset objects reloaded before import = 0
Number of asset objects unloaded after import = 22
========================================================================
Received Import Request.
  Time since last request: 0.000031 seconds.
  path: Assets/Kawaii_Tanks_Project (Free)/Prefabs/Props/Hedge_Base_A.prefab
  artifactKey: Guid(5db4026478ec4c44b88f4df0cf48b1ea) Importer(815301076,1909f56bfc062723c751e8b465ee728b)
Start importing Assets/Kawaii_Tanks_Project (Free)/Prefabs/Props/Hedge_Base_A.prefab using Guid(5db4026478ec4c44b88f4df0cf48b1ea) Importer(815301076,1909f56bfc062723c751e8b465ee728b)  -> (artifact id: '20820a1588ad80230a65476cf972f7c5') in 0.014653 seconds
Number of updated asset objects reloaded before import = 0
Number of asset objects unloaded after import = 10
========================================================================
Received Import Request.
  Time since last request: 0.000026 seconds.
  path: Assets/Kawaii_Tanks_Project (Free)/Prefabs/Props/Hedge_C.prefab
  artifactKey: Guid(a65daed257eeb5d4dbe4f807fb824309) Importer(815301076,1909f56bfc062723c751e8b465ee728b)
Start importing Assets/Kawaii_Tanks_Project (Free)/Prefabs/Props/Hedge_C.prefab using Guid(a65daed257eeb5d4dbe4f807fb824309) Importer(815301076,1909f56bfc062723c751e8b465ee728b)  -> (artifact id: 'ee048bd9b9fe5d9a3c04bc16e56fdba7') in 0.019426 seconds
Number of updated asset objects reloaded before import = 0
Number of asset objects unloaded after import = 23
========================================================================
Received Import Request.
  Time since last request: 0.000027 seconds.
  path: Assets/Kawaii_Tanks_Project (Free)/Prefabs/Props/House_A_Low.prefab
  artifactKey: Guid(55a36e34dab894a4abd0e8020e813817) Importer(815301076,1909f56bfc062723c751e8b465ee728b)
Start importing Assets/Kawaii_Tanks_Project (Free)/Prefabs/Props/House_A_Low.prefab using Guid(55a36e34dab894a4abd0e8020e813817) Importer(815301076,1909f56bfc062723c751e8b465ee728b)  -> (artifact id: '4434d555e3b4a5469c93b83f7c3f4a9a') in 0.014996 seconds
Number of updated asset objects reloaded before import = 0
Number of asset objects unloaded after import = 11
========================================================================
Received Import Request.
  Time since last request: 0.000026 seconds.
  path: Assets/Kawaii_Tanks_Project (Free)/Prefabs/Props/Hedge_Base_C.prefab
  artifactKey: Guid(84855f88e52d5ac4083c89c16d029164) Importer(815301076,1909f56bfc062723c751e8b465ee728b)
Start importing Assets/Kawaii_Tanks_Project (Free)/Prefabs/Props/Hedge_Base_C.prefab using Guid(84855f88e52d5ac4083c89c16d029164) Importer(815301076,1909f56bfc062723c751e8b465ee728b)  -> (artifact id: '44dba9b28ca0a5bb8578bc511501b533') in 0.013210 seconds
Number of updated asset objects reloaded before import = 0
Number of asset objects unloaded after import = 10
========================================================================
Received Import Request.
  Time since last request: 2.103491 seconds.
  path: Assets/Kawaii_Tanks_Project (Free)/Prefabs/Ground_Tile/Grass_Tile_1x3.prefab
  artifactKey: Guid(8aad1ca8001ea4248a75e9ec2308e683) Importer(815301076,1909f56bfc062723c751e8b465ee728b)
Start importing Assets/Kawaii_Tanks_Project (Free)/Prefabs/Ground_Tile/Grass_Tile_1x3.prefab using Guid(8aad1ca8001ea4248a75e9ec2308e683) Importer(815301076,1909f56bfc062723c751e8b465ee728b)  -> (artifact id: 'eec7d75444dfbd2cd5906da7526cddd7') in 0.017362 seconds
Number of updated asset objects reloaded before import = 0
Number of asset objects unloaded after import = 10
========================================================================
Received Import Request.
  Time since last request: 0.000042 seconds.
  path: Assets/Kawaii_Tanks_Project (Free)/Prefabs/Ground_Tile/Water_Tile_1x3.prefab
  artifactKey: Guid(2ca467be9f0f6c84785f3c01c3494032) Importer(815301076,1909f56bfc062723c751e8b465ee728b)
Start importing Assets/Kawaii_Tanks_Project (Free)/Prefabs/Ground_Tile/Water_Tile_1x3.prefab using Guid(2ca467be9f0f6c84785f3c01c3494032) Importer(815301076,1909f56bfc062723c751e8b465ee728b)  -> (artifact id: '94ada97884e2dfbae8a7bf953a9ebcc9') in 0.014818 seconds
Number of updated asset objects reloaded before import = 0
Number of asset objects unloaded after import = 10
========================================================================
Received Import Request.
  Time since last request: 0.000047 seconds.
  path: Assets/Kawaii_Tanks_Project (Free)/Prefabs/Ground_Tile/Grass_Tile_3x3.prefab
  artifactKey: Guid(f97b1344f5c711b4b922c665b6c03f72) Importer(815301076,1909f56bfc062723c751e8b465ee728b)
Start importing Assets/Kawaii_Tanks_Project (Free)/Prefabs/Ground_Tile/Grass_Tile_3x3.prefab using Guid(f97b1344f5c711b4b922c665b6c03f72) Importer(815301076,1909f56bfc062723c751e8b465ee728b)  -> (artifact id: 'ed0896379e70f4c9703998e5567fc1c8') in 0.008207 seconds
Number of updated asset objects reloaded before import = 0
Number of asset objects unloaded after import = 10
========================================================================
Received Import Request.
  Time since last request: 0.000108 seconds.
  path: Assets/Kawaii_Tanks_Project (Free)/Prefabs/Ground_Tile/Sand_Tile_1x3.prefab
  artifactKey: Guid(3d86c293ce731124995b9625b79a0f05) Importer(815301076,1909f56bfc062723c751e8b465ee728b)
Start importing Assets/Kawaii_Tanks_Project (Free)/Prefabs/Ground_Tile/Sand_Tile_1x3.prefab using Guid(3d86c293ce731124995b9625b79a0f05) Importer(815301076,1909f56bfc062723c751e8b465ee728b)  -> (artifact id: '876da08d2c0b50ca1840ee311445ea25') in 0.008152 seconds
Number of updated asset objects reloaded before import = 0
Number of asset objects unloaded after import = 10
========================================================================
Received Import Request.
  Time since last request: 1.078359 seconds.
  path: Assets/Kawaii_Tanks_Project (Free)/Prefabs/Bullet_and_Effects/Bullet_Broken.prefab
  artifactKey: Guid(e193bd6b30c4fcf488bebb7cf754714c) Importer(815301076,1909f56bfc062723c751e8b465ee728b)
Start importing Assets/Kawaii_Tanks_Project (Free)/Prefabs/Bullet_and_Effects/Bullet_Broken.prefab using Guid(e193bd6b30c4fcf488bebb7cf754714c) Importer(815301076,1909f56bfc062723c751e8b465ee728b)  -> (artifact id: '6056c51bc49ae783ca1fffb70e2733d8') in 0.128078 seconds
Number of updated asset objects reloaded before import = 0
Number of asset objects unloaded after import = 16
========================================================================
Received Import Request.
  Time since last request: 0.000021 seconds.
  path: Assets/Kawaii_Tanks_Project (Free)/Prefabs/Bullet_and_Effects/MuzzleFire.prefab
  artifactKey: Guid(003273172d23e604cbc8af71df1d883a) Importer(815301076,1909f56bfc062723c751e8b465ee728b)
Start importing Assets/Kawaii_Tanks_Project (Free)/Prefabs/Bullet_and_Effects/MuzzleFire.prefab using Guid(003273172d23e604cbc8af71df1d883a) Importer(815301076,1909f56bfc062723c751e8b465ee728b)  -> (artifact id: 'f0d6fceb7ba845454ad72ea32f67a735') in 0.016332 seconds
Number of updated asset objects reloaded before import = 0
Number of asset objects unloaded after import = 20
========================================================================
Received Import Request.
  Time since last request: 0.000024 seconds.
  path: Assets/Kawaii_Tanks_Project (Free)/Prefabs/Bullet_and_Effects/Tree_Broken.prefab
  artifactKey: Guid(c311e59cf85153042991be198a6f554a) Importer(815301076,1909f56bfc062723c751e8b465ee728b)
Start importing Assets/Kawaii_Tanks_Project (Free)/Prefabs/Bullet_and_Effects/Tree_Broken.prefab using Guid(c311e59cf85153042991be198a6f554a) Importer(815301076,1909f56bfc062723c751e8b465ee728b)  -> (artifact id: 'bb4e9705fa49bfb3a3c031c78b5132b5') in 0.012495 seconds
Number of updated asset objects reloaded before import = 0
Number of asset objects unloaded after import = 18
========================================================================
Received Import Request.
  Time since last request: 2.969000 seconds.
  path: Assets/Kawaii_Tanks_Project (Free)/Prefabs/Scene_Components/Game_Controller.prefab
  artifactKey: Guid(c571ee73678991543aeecd81c664a19a) Importer(815301076,1909f56bfc062723c751e8b465ee728b)
Start importing Assets/Kawaii_Tanks_Project (Free)/Prefabs/Scene_Components/Game_Controller.prefab using Guid(c571ee73678991543aeecd81c664a19a) Importer(815301076,1909f56bfc062723c751e8b465ee728b)  -> (artifact id: '4d680dacd1932eedde36c10a82467a06') in 0.024133 seconds
Number of updated asset objects reloaded before import = 0
Number of asset objects unloaded after import = 143
========================================================================
Received Import Request.
  Time since last request: 0.000016 seconds.
  path: Assets/Kawaii_Tanks_Project (Free)/Prefabs/Scene_Components/Touch_Controls (Tutorial).prefab
  artifactKey: Guid(64063a319866afa4b94347e689fa4f27) Importer(815301076,1909f56bfc062723c751e8b465ee728b)
Start importing Assets/Kawaii_Tanks_Project (Free)/Prefabs/Scene_Components/Touch_Controls (Tutorial).prefab using Guid(64063a319866afa4b94347e689fa4f27) Importer(815301076,1909f56bfc062723c751e8b465ee728b)  -> (artifact id: '9817ee38481a17ca8f21c4b44f526286') in 0.005478 seconds
Number of updated asset objects reloaded before import = 0
Number of asset objects unloaded after import = 123
========================================================================
Received Import Request.
  Time since last request: 3.558372 seconds.
  path: Assets/Kawaii_Tanks_Project (Free)/Others/Trail_01.png
  artifactKey: Guid(40d5ff1559444e748afc45b33b8c169e) Importer(815301076,1909f56bfc062723c751e8b465ee728b)
Start importing Assets/Kawaii_Tanks_Project (Free)/Others/Trail_01.png using Guid(40d5ff1559444e748afc45b33b8c169e) Importer(815301076,1909f56bfc062723c751e8b465ee728b)  -> (artifact id: '1568bfbbdf1ed70e820c66ea7d02ff7c') in 0.021306 seconds
Number of updated asset objects reloaded before import = 0
Number of asset objects unloaded after import = 2
========================================================================
Received Prepare
Begin MonoManager ReloadAssembly
Symbol file LoadedFromMemory doesn't match image C:\Users\81702\Desktop\Amakasu_Team\chest\TankKnight\Library\PackageCache\com.unity.visualscripting@1.8.0\Editor\VisualScripting.Core\Dependencies\YamlDotNet\Unity.VisualScripting.YamlDotNet.dll
Symbol file LoadedFromMemory doesn't match image C:\Users\81702\Desktop\Amakasu_Team\chest\TankKnight\Library\PackageCache\com.unity.visualscripting@1.8.0\Editor\VisualScripting.Core\Dependencies\DotNetZip\Unity.VisualScripting.IonicZip.dll
- Loaded All Assemblies, in  0.721 seconds
Refreshing native plugins compatible for Editor in 4.07 ms, found 3 plugins.
Native extension for WindowsStandalone target not found
Native extension for WebGL target not found
Mono: successfully reloaded assembly
- Finished resetting the current domain, in  1.835 seconds
Domain Reload Profiling: 2551ms
	BeginReloadAssembly (136ms)
		ExecutionOrderSort (0ms)
		DisableScriptedObjects (4ms)
		BackupInstance (0ms)
		ReleaseScriptingObjects (0ms)
		CreateAndSetChildDomain (42ms)
	RebuildCommonClasses (28ms)
	RebuildNativeTypeToScriptingClass (10ms)
	initialDomainReloadingComplete (29ms)
	LoadAllAssembliesAndSetupDomain (514ms)
		LoadAssemblies (343ms)
		RebuildTransferFunctionScriptingTraits (0ms)
		AnalyzeDomain (219ms)
			TypeCache.Refresh (211ms)
				TypeCache.ScanAssembly (202ms)
			ScanForSourceGeneratedMonoScriptInfo (0ms)
			ResolveRequiredComponents (8ms)
	FinalizeReload (1835ms)
		ReleaseScriptCaches (0ms)
		RebuildScriptCaches (0ms)
		SetupLoadedEditorAssemblies (650ms)
			LogAssemblyErrors (0ms)
			InitializePlatformSupportModulesInManaged (13ms)
			SetLoadedEditorAssemblies (6ms)
			RefreshPlugins (0ms)
			BeforeProcessingInitializeOnLoad (159ms)
			ProcessInitializeOnLoadAttributes (344ms)
			ProcessInitializeOnLoadMethodAttributes (116ms)
			AfterProcessingInitializeOnLoad (12ms)
			EditorAssembliesLoaded (0ms)
		ExecutionOrderSort2 (0ms)
		AwakeInstancesAfterBackupRestoration (11ms)
Refreshing native plugins compatible for Editor in 10.56 ms, found 3 plugins.
Preloading 0 native plugins for Editor in 0.00 ms.
Unloading 4837 Unused Serialized files (Serialized files now loaded: 0)
Unloading 44 unused Assets / (0.7 MB). Loaded Objects now: 5443.
Memory consumption went from 172.0 MB to 171.2 MB.
Total: 6.434200 ms (FindLiveObjects: 0.487800 ms CreateObjectMapping: 0.419900 ms MarkObjects: 4.876100 ms  DeleteObjects: 0.648200 ms)

Prepare: number of updated asset objects reloaded= 0
AssetImportParameters requested are different than current active one (requested -> active):
  custom:container-demuxer-ogg: 62fdf1f143b41e24485cea50d1cbac27 -> 
  custom:video-codec-MediaFoundation-h265: 746d11721c4dcdbdad8f713fa42b33f4 -> 
  custom:video-decoder-ogg-theora: a1e56fd34408186e4bbccfd4996cb3dc -> 
  custom:framework-win-MediaFoundation: 216162199b28c13a410421893ffa2e32 -> 
  custom:container-demuxer-webm: 4f35f7cbe854078d1ac9338744f61a02 -> 
  custom:container-muxer-webm: aa71ff27fc2769a1b78a27578f13a17b -> 
  custom:video-decoder-webm-vp8: 9c59270c3fd7afecdb556c50c9e8de78 -> 
  custom:AudioImporter_EditorPlatform: d09bf68614088b80899f8185d706f6e7 -> 
  custom:video-encoder-webm-vp8: eb34c28f22e8b96e1ab97ce403110664 -> 
  custom:audio-decoder-ogg-vorbis: bf7c407c2cedff20999df2af8eb42d56 -> 
  custom:audio-encoder-webm-vorbis: bf7c407c2cedff20999df2af8eb42d56 -> 
========================================================================
Received Prepare
Begin MonoManager ReloadAssembly
Symbol file LoadedFromMemory doesn't match image C:\Users\81702\Desktop\Amakasu_Team\chest\TankKnight\Library\PackageCache\com.unity.visualscripting@1.8.0\Editor\VisualScripting.Core\Dependencies\YamlDotNet\Unity.VisualScripting.YamlDotNet.dll
Symbol file LoadedFromMemory doesn't match image C:\Users\81702\Desktop\Amakasu_Team\chest\TankKnight\Library\PackageCache\com.unity.visualscripting@1.8.0\Editor\VisualScripting.Core\Dependencies\DotNetZip\Unity.VisualScripting.IonicZip.dll
- Loaded All Assemblies, in  0.654 seconds
Refreshing native plugins compatible for Editor in 4.04 ms, found 3 plugins.
Native extension for WindowsStandalone target not found
Native extension for WebGL target not found
Mono: successfully reloaded assembly
- Finished resetting the current domain, in  1.022 seconds
Domain Reload Profiling: 1672ms
	BeginReloadAssembly (127ms)
		ExecutionOrderSort (0ms)
		DisableScriptedObjects (4ms)
		BackupInstance (0ms)
		ReleaseScriptingObjects (0ms)
		CreateAndSetChildDomain (34ms)
	RebuildCommonClasses (28ms)
	RebuildNativeTypeToScriptingClass (11ms)
	initialDomainReloadingComplete (33ms)
	LoadAllAssembliesAndSetupDomain (450ms)
		LoadAssemblies (256ms)
		RebuildTransferFunctionScriptingTraits (0ms)
		AnalyzeDomain (245ms)
			TypeCache.Refresh (237ms)
				TypeCache.ScanAssembly (228ms)
			ScanForSourceGeneratedMonoScriptInfo (0ms)
			ResolveRequiredComponents (9ms)
	FinalizeReload (1023ms)
		ReleaseScriptCaches (0ms)
		RebuildScriptCaches (0ms)
		SetupLoadedEditorAssemblies (424ms)
			LogAssemblyErrors (0ms)
			InitializePlatformSupportModulesInManaged (7ms)
			SetLoadedEditorAssemblies (4ms)
			RefreshPlugins (0ms)
			BeforeProcessingInitializeOnLoad (111ms)
			ProcessInitializeOnLoadAttributes (224ms)
			ProcessInitializeOnLoadMethodAttributes (66ms)
			AfterProcessingInitializeOnLoad (12ms)
			EditorAssembliesLoaded (0ms)
		ExecutionOrderSort2 (0ms)
		AwakeInstancesAfterBackupRestoration (8ms)
Refreshing native plugins compatible for Editor in 4.54 ms, found 3 plugins.
Preloading 0 native plugins for Editor in 0.00 ms.
Unloading 4837 Unused Serialized files (Serialized files now loaded: 0)
Unloading 42 unused Assets / (0.7 MB). Loaded Objects now: 5446.
Memory consumption went from 172.0 MB to 171.2 MB.
Total: 4.139000 ms (FindLiveObjects: 0.301100 ms CreateObjectMapping: 0.238400 ms MarkObjects: 3.292500 ms  DeleteObjects: 0.305700 ms)

Prepare: number of updated asset objects reloaded= 0
AssetImportParameters requested are different than current active one (requested -> active):
  custom:container-demuxer-ogg: 62fdf1f143b41e24485cea50d1cbac27 -> 
  custom:video-codec-MediaFoundation-h265: 746d11721c4dcdbdad8f713fa42b33f4 -> 
  custom:video-decoder-ogg-theora: a1e56fd34408186e4bbccfd4996cb3dc -> 
  custom:framework-win-MediaFoundation: 216162199b28c13a410421893ffa2e32 -> 
  custom:container-demuxer-webm: 4f35f7cbe854078d1ac9338744f61a02 -> 
  custom:container-muxer-webm: aa71ff27fc2769a1b78a27578f13a17b -> 
  custom:video-decoder-webm-vp8: 9c59270c3fd7afecdb556c50c9e8de78 -> 
  custom:AudioImporter_EditorPlatform: d09bf68614088b80899f8185d706f6e7 -> 
  custom:video-encoder-webm-vp8: eb34c28f22e8b96e1ab97ce403110664 -> 
  custom:audio-decoder-ogg-vorbis: bf7c407c2cedff20999df2af8eb42d56 -> 
  custom:audio-encoder-webm-vorbis: bf7c407c2cedff20999df2af8eb42d56 -> 
========================================================================
Received Prepare
Begin MonoManager ReloadAssembly
Symbol file LoadedFromMemory doesn't match image C:\Users\81702\Desktop\Amakasu_Team\chest\TankKnight\Library\PackageCache\com.unity.visualscripting@1.8.0\Editor\VisualScripting.Core\Dependencies\YamlDotNet\Unity.VisualScripting.YamlDotNet.dll
Symbol file LoadedFromMemory doesn't match image C:\Users\81702\Desktop\Amakasu_Team\chest\TankKnight\Library\PackageCache\com.unity.visualscripting@1.8.0\Editor\VisualScripting.Core\Dependencies\DotNetZip\Unity.VisualScripting.IonicZip.dll
- Loaded All Assemblies, in  0.705 seconds
Refreshing native plugins compatible for Editor in 3.85 ms, found 3 plugins.
Native extension for WindowsStandalone target not found
Native extension for WebGL target not found
Mono: successfully reloaded assembly
- Finished resetting the current domain, in  1.907 seconds
Domain Reload Profiling: 2608ms
	BeginReloadAssembly (134ms)
		ExecutionOrderSort (0ms)
		DisableScriptedObjects (4ms)
		BackupInstance (0ms)
		ReleaseScriptingObjects (0ms)
		CreateAndSetChildDomain (34ms)
	RebuildCommonClasses (31ms)
	RebuildNativeTypeToScriptingClass (10ms)
	initialDomainReloadingComplete (32ms)
	LoadAllAssembliesAndSetupDomain (494ms)
		LoadAssemblies (329ms)
		RebuildTransferFunctionScriptingTraits (0ms)
		AnalyzeDomain (216ms)
			TypeCache.Refresh (202ms)
				TypeCache.ScanAssembly (193ms)
			ScanForSourceGeneratedMonoScriptInfo (5ms)
			ResolveRequiredComponents (9ms)
	FinalizeReload (1907ms)
		ReleaseScriptCaches (0ms)
		RebuildScriptCaches (0ms)
		SetupLoadedEditorAssemblies (453ms)
			LogAssemblyErrors (0ms)
			InitializePlatformSupportModulesInManaged (9ms)
			SetLoadedEditorAssemblies (5ms)
			RefreshPlugins (0ms)
			BeforeProcessingInitializeOnLoad (118ms)
			ProcessInitializeOnLoadAttributes (245ms)
			ProcessInitializeOnLoadMethodAttributes (66ms)
			AfterProcessingInitializeOnLoad (9ms)
			EditorAssembliesLoaded (0ms)
		ExecutionOrderSort2 (0ms)
		AwakeInstancesAfterBackupRestoration (7ms)
Refreshing native plugins compatible for Editor in 3.70 ms, found 3 plugins.
Preloading 0 native plugins for Editor in 0.00 ms.
Unloading 4870 Unused Serialized files (Serialized files now loaded: 0)
Unloading 49 unused Assets / (1.4 MB). Loaded Objects now: 5475.
Memory consumption went from 175.3 MB to 173.9 MB.
Total: 4.044200 ms (FindLiveObjects: 0.334800 ms CreateObjectMapping: 0.258300 ms MarkObjects: 2.853300 ms  DeleteObjects: 0.596800 ms)

Prepare: number of updated asset objects reloaded= 0
AssetImportParameters requested are different than current active one (requested -> active):
  custom:container-demuxer-ogg: 62fdf1f143b41e24485cea50d1cbac27 -> 
  custom:video-codec-MediaFoundation-h265: 746d11721c4dcdbdad8f713fa42b33f4 -> 
  custom:video-decoder-ogg-theora: a1e56fd34408186e4bbccfd4996cb3dc -> 
  custom:framework-win-MediaFoundation: 216162199b28c13a410421893ffa2e32 -> 
  custom:container-demuxer-webm: 4f35f7cbe854078d1ac9338744f61a02 -> 
  custom:container-muxer-webm: aa71ff27fc2769a1b78a27578f13a17b -> 
  custom:video-decoder-webm-vp8: 9c59270c3fd7afecdb556c50c9e8de78 -> 
  custom:AudioImporter_EditorPlatform: d09bf68614088b80899f8185d706f6e7 -> 
  custom:video-encoder-webm-vp8: eb34c28f22e8b96e1ab97ce403110664 -> 
  custom:audio-decoder-ogg-vorbis: bf7c407c2cedff20999df2af8eb42d56 -> 
  custom:audio-encoder-webm-vorbis: bf7c407c2cedff20999df2af8eb42d56 -> 
========================================================================
Received Import Request.
  Time since last request: 546.786646 seconds.
  path: Assets/FourEvilDragonsPBR/Animations/DragonBoar/Die.fbx
  artifactKey: Guid(e30ffe326b27d924aaac44272b4e9aa7) Importer(815301076,1909f56bfc062723c751e8b465ee728b)
Start importing Assets/FourEvilDragonsPBR/Animations/DragonBoar/Die.fbx using Guid(e30ffe326b27d924aaac44272b4e9aa7) Importer(815301076,1909f56bfc062723c751e8b465ee728b)  -> (artifact id: 'fee9a5fff7e15a02c3677b7d33d58bdd') in 0.111069 seconds
Number of updated asset objects reloaded before import = 0
Number of asset objects unloaded after import = 93
========================================================================
Received Import Request.
  Time since last request: 0.000032 seconds.
  path: Assets/FourEvilDragonsPBR/Animations/DragonBoar/HornAttack.fbx
  artifactKey: Guid(3496cda763ff70b40aeed94cf510c9db) Importer(815301076,1909f56bfc062723c751e8b465ee728b)
Start importing Assets/FourEvilDragonsPBR/Animations/DragonBoar/HornAttack.fbx using Guid(3496cda763ff70b40aeed94cf510c9db) Importer(815301076,1909f56bfc062723c751e8b465ee728b)  -> (artifact id: '13235f1b19faa5cc4c515beb3b80d2cc') in 0.022391 seconds
Number of updated asset objects reloaded before import = 0
Number of asset objects unloaded after import = 91
========================================================================
Received Import Request.
  Time since last request: 0.000027 seconds.
  path: Assets/FourEvilDragonsPBR/Animations/DragonBoar/walk.fbx
  artifactKey: Guid(4c7a0e0d6f7821c439d739697a6bbee0) Importer(815301076,1909f56bfc062723c751e8b465ee728b)
Start importing Assets/FourEvilDragonsPBR/Animations/DragonBoar/walk.fbx using Guid(4c7a0e0d6f7821c439d739697a6bbee0) Importer(815301076,1909f56bfc062723c751e8b465ee728b)  -> (artifact id: '8e28d02ca2313909ebf8439e2e04754b') in 0.020879 seconds
Number of updated asset objects reloaded before import = 0
Number of asset objects unloaded after import = 93
========================================================================
Received Import Request.
  Time since last request: 0.000014 seconds.
  path: Assets/FourEvilDragonsPBR/Animations/DragonBoar/GetHit.fbx
  artifactKey: Guid(b4c53a0d61354f943a98448f95b52c30) Importer(815301076,1909f56bfc062723c751e8b465ee728b)
Start importing Assets/FourEvilDragonsPBR/Animations/DragonBoar/GetHit.fbx using Guid(b4c53a0d61354f943a98448f95b52c30) Importer(815301076,1909f56bfc062723c751e8b465ee728b)  -> (artifact id: 'fb7a559d481991fda12fac093826a31e') in 0.021878 seconds
Number of updated asset objects reloaded before import = 0
Number of asset objects unloaded after import = 93
========================================================================
Received Import Request.
  Time since last request: 0.715519 seconds.
  path: Assets/FourEvilDragonsPBR/Animations/DragonNightMare/Claw Attack.fbx
  artifactKey: Guid(a8d68f882ac2f2f48982204cc9c22f27) Importer(815301076,1909f56bfc062723c751e8b465ee728b)
Start importing Assets/FourEvilDragonsPBR/Animations/DragonNightMare/Claw Attack.fbx using Guid(a8d68f882ac2f2f48982204cc9c22f27) Importer(815301076,1909f56bfc062723c751e8b465ee728b)  -> (artifact id: 'e56cc9c729c772dec39498efff51b31d') in 0.033343 seconds
Number of updated asset objects reloaded before import = 0
Number of asset objects unloaded after import = 155
========================================================================
Received Import Request.
  Time since last request: 0.000023 seconds.
  path: Assets/FourEvilDragonsPBR/Animations/DragonNightMare/Sleep.fbx
  artifactKey: Guid(5cfe5b96be26d60478f7a5749d947a62) Importer(815301076,1909f56bfc062723c751e8b465ee728b)
Start importing Assets/FourEvilDragonsPBR/Animations/DragonNightMare/Sleep.fbx using Guid(5cfe5b96be26d60478f7a5749d947a62) Importer(815301076,1909f56bfc062723c751e8b465ee728b)  -> (artifact id: '681fbb2abe838d5831529f95b307668a') in 0.032338 seconds
Number of updated asset objects reloaded before import = 0
Number of asset objects unloaded after import = 155
========================================================================
Received Import Request.
  Time since last request: 0.000023 seconds.
  path: Assets/FourEvilDragonsPBR/Animations/DragonNightMare/getHit.fbx
  artifactKey: Guid(a640f611148020047b485abcfdbb49cf) Importer(815301076,1909f56bfc062723c751e8b465ee728b)
Start importing Assets/FourEvilDragonsPBR/Animations/DragonNightMare/getHit.fbx using Guid(a640f611148020047b485abcfdbb49cf) Importer(815301076,1909f56bfc062723c751e8b465ee728b)  -> (artifact id: '7bdfe3411aad9c48b609a65157b7e1d5') in 0.026629 seconds
Number of updated asset objects reloaded before import = 0
Number of asset objects unloaded after import = 155
========================================================================
Received Import Request.
  Time since last request: 0.000062 seconds.
  path: Assets/FourEvilDragonsPBR/Animations/DragonNightMare/Jump.fbx
  artifactKey: Guid(11710095629f7e044ad54abf1af7fc13) Importer(815301076,1909f56bfc062723c751e8b465ee728b)
Start importing Assets/FourEvilDragonsPBR/Animations/DragonNightMare/Jump.fbx using Guid(11710095629f7e044ad54abf1af7fc13) Importer(815301076,1909f56bfc062723c751e8b465ee728b)  -> (artifact id: '69ac8a76e7404cb0fe1056f9f8441bd3') in 0.028953 seconds
Number of updated asset objects reloaded before import = 0
Number of asset objects unloaded after import = 155
========================================================================
Received Import Request.
  Time since last request: 0.000023 seconds.
  path: Assets/FourEvilDragonsPBR/Animations/DragonNightMare/walkLeft.fbx
  artifactKey: Guid(f0e26e0f2a772af4a95ec08b88a49302) Importer(815301076,1909f56bfc062723c751e8b465ee728b)
Start importing Assets/FourEvilDragonsPBR/Animations/DragonNightMare/walkLeft.fbx using Guid(f0e26e0f2a772af4a95ec08b88a49302) Importer(815301076,1909f56bfc062723c751e8b465ee728b)  -> (artifact id: 'aaae7096822dda33004c259cf8325f93') in 0.029758 seconds
Number of updated asset objects reloaded before import = 0
Number of asset objects unloaded after import = 155
========================================================================
Received Import Request.
  Time since last request: 0.000019 seconds.
  path: Assets/FourEvilDragonsPBR/Animations/DragonNightMare/walk.fbx
  artifactKey: Guid(57b96fcfb13429847939b2e633026c89) Importer(815301076,1909f56bfc062723c751e8b465ee728b)
Start importing Assets/FourEvilDragonsPBR/Animations/DragonNightMare/walk.fbx using Guid(57b96fcfb13429847939b2e633026c89) Importer(815301076,1909f56bfc062723c751e8b465ee728b)  -> (artifact id: '58fd28763acc37e9a0ea3ede896012ef') in 0.031907 seconds
Number of updated asset objects reloaded before import = 0
Number of asset objects unloaded after import = 155
========================================================================
Received Import Request.
  Time since last request: 0.000017 seconds.
  path: Assets/FourEvilDragonsPBR/Animations/DragonNightMare/run.fbx
  artifactKey: Guid(e225de8969f5f7348aa6e6a2c92c7859) Importer(815301076,1909f56bfc062723c751e8b465ee728b)
Start importing Assets/FourEvilDragonsPBR/Animations/DragonNightMare/run.fbx using Guid(e225de8969f5f7348aa6e6a2c92c7859) Importer(815301076,1909f56bfc062723c751e8b465ee728b)  -> (artifact id: '347339039235d51b81a3b0b19f655803') in 0.028491 seconds
Number of updated asset objects reloaded before import = 0
Number of asset objects unloaded after import = 155
========================================================================
Received Import Request.
  Time since last request: 0.000019 seconds.
  path: Assets/FourEvilDragonsPBR/Animations/DragonNightMare/Horn Attack.fbx
  artifactKey: Guid(19a5a8dd9f6eaba49980048610a6e8e3) Importer(815301076,1909f56bfc062723c751e8b465ee728b)
Start importing Assets/FourEvilDragonsPBR/Animations/DragonNightMare/Horn Attack.fbx using Guid(19a5a8dd9f6eaba49980048610a6e8e3) Importer(815301076,1909f56bfc062723c751e8b465ee728b)  -> (artifact id: 'f787370354502a3f4534b122f6a423be') in 0.028183 seconds
Number of updated asset objects reloaded before import = 0
Number of asset objects unloaded after import = 155
========================================================================
Received Import Request.
  Time since last request: 0.641897 seconds.
  path: Assets/FourEvilDragonsPBR/Animations/DragonSoulEater/Defend.fbx
  artifactKey: Guid(e0b6d06a8887b3641a0608659230e121) Importer(815301076,1909f56bfc062723c751e8b465ee728b)
Start importing Assets/FourEvilDragonsPBR/Animations/DragonSoulEater/Defend.fbx using Guid(e0b6d06a8887b3641a0608659230e121) Importer(815301076,1909f56bfc062723c751e8b465ee728b)  -> (artifact id: '0f251efa7f98bba17b0a6dadd2580319') in 0.031053 seconds
Number of updated asset objects reloaded before import = 0
Number of asset objects unloaded after import = 133
========================================================================
Received Import Request.
  Time since last request: 0.000019 seconds.
  path: Assets/FourEvilDragonsPBR/Animations/DragonSoulEater/Fly Forward.fbx
  artifactKey: Guid(5fa09084d33ac9046a4a22372e78213e) Importer(815301076,1909f56bfc062723c751e8b465ee728b)
Start importing Assets/FourEvilDragonsPBR/Animations/DragonSoulEater/Fly Forward.fbx using Guid(5fa09084d33ac9046a4a22372e78213e) Importer(815301076,1909f56bfc062723c751e8b465ee728b)  -> (artifact id: '72493085ec3119c530a49d226e2ef978') in 0.033584 seconds
Number of updated asset objects reloaded before import = 0
Number of asset objects unloaded after import = 133
========================================================================
Received Import Request.
  Time since last request: 0.000021 seconds.
  path: Assets/FourEvilDragonsPBR/Animations/DragonSoulEater/Sleeping.fbx
  artifactKey: Guid(0b0985d8d75993d4ba1c094379da358c) Importer(815301076,1909f56bfc062723c751e8b465ee728b)
Start importing Assets/FourEvilDragonsPBR/Animations/DragonSoulEater/Sleeping.fbx using Guid(0b0985d8d75993d4ba1c094379da358c) Importer(815301076,1909f56bfc062723c751e8b465ee728b)  -> (artifact id: '541996f193df585567cdc0d4e23c434a') in 0.029468 seconds
Number of updated asset objects reloaded before import = 0
Number of asset objects unloaded after import = 133
========================================================================
Received Import Request.
  Time since last request: 0.000019 seconds.
  path: Assets/FourEvilDragonsPBR/Animations/DragonSoulEater/Fly Glide.fbx
  artifactKey: Guid(28a39de94def6c84ca4b447fa78a3a66) Importer(815301076,1909f56bfc062723c751e8b465ee728b)
Start importing Assets/FourEvilDragonsPBR/Animations/DragonSoulEater/Fly Glide.fbx using Guid(28a39de94def6c84ca4b447fa78a3a66) Importer(815301076,1909f56bfc062723c751e8b465ee728b)  -> (artifact id: 'd248fdf10a5c86afc0973043a2f620e0') in 0.028856 seconds
Number of updated asset objects reloaded before import = 0
Number of asset objects unloaded after import = 133
========================================================================
Received Import Request.
  Time since last request: 0.000018 seconds.
  path: Assets/FourEvilDragonsPBR/Animations/DragonSoulEater/Run.fbx
  artifactKey: Guid(93048e03d4dc597468fce555d02e9274) Importer(815301076,1909f56bfc062723c751e8b465ee728b)
Start importing Assets/FourEvilDragonsPBR/Animations/DragonSoulEater/Run.fbx using Guid(93048e03d4dc597468fce555d02e9274) Importer(815301076,1909f56bfc062723c751e8b465ee728b)  -> (artifact id: '77caa2ece0dfaea5c101a8cb98aaf7cf') in 0.029129 seconds
Number of updated asset objects reloaded before import = 0
Number of asset objects unloaded after import = 133
========================================================================
Received Import Request.
  Time since last request: 0.000021 seconds.
  path: Assets/FourEvilDragonsPBR/Animations/DragonSoulEater/Tail Attack.fbx
  artifactKey: Guid(1e32448c0eb5bdb45b3a576fb8011df0) Importer(815301076,1909f56bfc062723c751e8b465ee728b)
Start importing Assets/FourEvilDragonsPBR/Animations/DragonSoulEater/Tail Attack.fbx using Guid(1e32448c0eb5bdb45b3a576fb8011df0) Importer(815301076,1909f56bfc062723c751e8b465ee728b)  -> (artifact id: 'd72ab31a49660743e09a805bd4e9160c') in 0.029723 seconds
Number of updated asset objects reloaded before import = 0
Number of asset objects unloaded after import = 133
========================================================================
Received Import Request.
  Time since last request: 0.000058 seconds.
  path: Assets/FourEvilDragonsPBR/Animations/DragonSoulEater/Land.fbx
  artifactKey: Guid(9b846aa063f67a34b80cef9a15befe38) Importer(815301076,1909f56bfc062723c751e8b465ee728b)
Start importing Assets/FourEvilDragonsPBR/Animations/DragonSoulEater/Land.fbx using Guid(9b846aa063f67a34b80cef9a15befe38) Importer(815301076,1909f56bfc062723c751e8b465ee728b)  -> (artifact id: 'f70320b9624fb51f2b567b21b4cf6c55') in 0.038826 seconds
Number of updated asset objects reloaded before import = 0
Number of asset objects unloaded after import = 133
========================================================================
Received Import Request.
  Time since last request: 0.000022 seconds.
  path: Assets/FourEvilDragonsPBR/Animations/DragonSoulEater/Walk.fbx
  artifactKey: Guid(555c2f8b240202a4c8f3c3f412587e5a) Importer(815301076,1909f56bfc062723c751e8b465ee728b)
Start importing Assets/FourEvilDragonsPBR/Animations/DragonSoulEater/Walk.fbx using Guid(555c2f8b240202a4c8f3c3f412587e5a) Importer(815301076,1909f56bfc062723c751e8b465ee728b)  -> (artifact id: '9e2f12e006ec3ce2e59742255cf41b5b') in 0.030188 seconds
Number of updated asset objects reloaded before import = 0
Number of asset objects unloaded after import = 133
========================================================================
Received Import Request.
  Time since last request: 6.508811 seconds.
  path: Assets/FourEvilDragonsPBR/Animations/DragonTerrorBringer/FlyAttack.fbx
  artifactKey: Guid(215d9268815c12d4389d713b8b1f8b12) Importer(815301076,1909f56bfc062723c751e8b465ee728b)
Start importing Assets/FourEvilDragonsPBR/Animations/DragonTerrorBringer/FlyAttack.fbx using Guid(215d9268815c12d4389d713b8b1f8b12) Importer(815301076,1909f56bfc062723c751e8b465ee728b)  -> (artifact id: 'd4ae38a6897ea2fd39d244f07f368f23') in 0.026957 seconds
Number of updated asset objects reloaded before import = 0
Number of asset objects unloaded after import = 177
========================================================================
Received Import Request.
  Time since last request: 0.000013 seconds.
  path: Assets/FourEvilDragonsPBR/Animations/DragonTerrorBringer/sleep.fbx
  artifactKey: Guid(d1f47f7ac86a75840bfb342ed7ca65d0) Importer(815301076,1909f56bfc062723c751e8b465ee728b)
Start importing Assets/FourEvilDragonsPBR/Animations/DragonTerrorBringer/sleep.fbx using Guid(d1f47f7ac86a75840bfb342ed7ca65d0) Importer(815301076,1909f56bfc062723c751e8b465ee728b)  -> (artifact id: 'd17563a52f3f6967a9b8292fc078ef4e') in 0.022814 seconds
Number of updated asset objects reloaded before import = 0
Number of asset objects unloaded after import = 177
========================================================================
Received Import Request.
  Time since last request: 0.000017 seconds.
  path: Assets/FourEvilDragonsPBR/Animations/DragonTerrorBringer/GetHit.fbx
  artifactKey: Guid(01f3cd440df370b4796840c93effc251) Importer(815301076,1909f56bfc062723c751e8b465ee728b)
Start importing Assets/FourEvilDragonsPBR/Animations/DragonTerrorBringer/GetHit.fbx using Guid(01f3cd440df370b4796840c93effc251) Importer(815301076,1909f56bfc062723c751e8b465ee728b)  -> (artifact id: '453107077cba95d3e4bb7690d226c7b9') in 0.022253 seconds
Number of updated asset objects reloaded before import = 0
Number of asset objects unloaded after import = 177
========================================================================
Received Import Request.
  Time since last request: 0.000025 seconds.
  path: Assets/FourEvilDragonsPBR/Animations/DragonTerrorBringer/Run.fbx
  artifactKey: Guid(1bd6660a3bd1c5342942bcb54ed1d65a) Importer(815301076,1909f56bfc062723c751e8b465ee728b)
Start importing Assets/FourEvilDragonsPBR/Animations/DragonTerrorBringer/Run.fbx using Guid(1bd6660a3bd1c5342942bcb54ed1d65a) Importer(815301076,1909f56bfc062723c751e8b465ee728b)  -> (artifact id: 'f6da2d4625ce8f5f408504fe10004742') in 0.041082 seconds
Number of updated asset objects reloaded before import = 0
Number of asset objects unloaded after import = 178
========================================================================
Received Import Request.
  Time since last request: 0.000016 seconds.
  path: Assets/FourEvilDragonsPBR/Animations/DragonTerrorBringer/idle01.fbx
  artifactKey: Guid(2f381863b81afe445bb3bbd18f1e90cc) Importer(815301076,1909f56bfc062723c751e8b465ee728b)
Start importing Assets/FourEvilDragonsPBR/Animations/DragonTerrorBringer/idle01.fbx using Guid(2f381863b81afe445bb3bbd18f1e90cc) Importer(815301076,1909f56bfc062723c751e8b465ee728b)  -> (artifact id: '249d941b527744a4d5ae20d3627503a6') in 0.026012 seconds
Number of updated asset objects reloaded before import = 0
Number of asset objects unloaded after import = 177
========================================================================
Received Import Request.
  Time since last request: 0.000018 seconds.
  path: Assets/FourEvilDragonsPBR/Animations/DragonTerrorBringer/scream.fbx
  artifactKey: Guid(221d076625b05194c872aaa907b8f0cd) Importer(815301076,1909f56bfc062723c751e8b465ee728b)
Start importing Assets/FourEvilDragonsPBR/Animations/DragonTerrorBringer/scream.fbx using Guid(221d076625b05194c872aaa907b8f0cd) Importer(815301076,1909f56bfc062723c751e8b465ee728b)  -> (artifact id: 'a6b28fef86b86b98d70ab78865d698d8') in 0.022267 seconds
Number of updated asset objects reloaded before import = 0
Number of asset objects unloaded after import = 177
========================================================================
Received Import Request.
  Time since last request: 0.000017 seconds.
  path: Assets/FourEvilDragonsPBR/Animations/DragonTerrorBringer/idle02.fbx
  artifactKey: Guid(cbbe4ed6e6acf294e9df235ff6184874) Importer(815301076,1909f56bfc062723c751e8b465ee728b)
Start importing Assets/FourEvilDragonsPBR/Animations/DragonTerrorBringer/idle02.fbx using Guid(cbbe4ed6e6acf294e9df235ff6184874) Importer(815301076,1909f56bfc062723c751e8b465ee728b)  -> (artifact id: 'c19843412d46a4ca59f97107031e1744') in 0.023755 seconds
Number of updated asset objects reloaded before import = 0
Number of asset objects unloaded after import = 177
========================================================================
Received Import Request.
  Time since last request: 4.574107 seconds.
  path: Assets/FourEvilDragonsPBR/Animations/DragonUsurper/FlyFlame.fbx
  artifactKey: Guid(5d9e1f89045bd0946b0908d6f9d29050) Importer(815301076,1909f56bfc062723c751e8b465ee728b)
Start importing Assets/FourEvilDragonsPBR/Animations/DragonUsurper/FlyFlame.fbx using Guid(5d9e1f89045bd0946b0908d6f9d29050) Importer(815301076,1909f56bfc062723c751e8b465ee728b)  -> (artifact id: '543e9c9151488945338a9d93482c52c5') in 0.025013 seconds
Number of updated asset objects reloaded before import = 0
Number of asset objects unloaded after import = 249
========================================================================
Received Import Request.
  Time since last request: 0.000015 seconds.
  path: Assets/FourEvilDragonsPBR/Animations/DragonUsurper/FlyIdle.fbx
  artifactKey: Guid(7508a417409ed134ea8cac8e87247637) Importer(815301076,1909f56bfc062723c751e8b465ee728b)
Start importing Assets/FourEvilDragonsPBR/Animations/DragonUsurper/FlyIdle.fbx using Guid(7508a417409ed134ea8cac8e87247637) Importer(815301076,1909f56bfc062723c751e8b465ee728b)  -> (artifact id: '2e5833a2071187778af6920955843c6d') in 0.024176 seconds
Number of updated asset objects reloaded before import = 0
Number of asset objects unloaded after import = 249
========================================================================
Received Import Request.
  Time since last request: 0.000038 seconds.
  path: Assets/FourEvilDragonsPBR/Animations/DragonUsurper/Scream.fbx
  artifactKey: Guid(497f35860988216419561f5b7835a430) Importer(815301076,1909f56bfc062723c751e8b465ee728b)
Start importing Assets/FourEvilDragonsPBR/Animations/DragonUsurper/Scream.fbx using Guid(497f35860988216419561f5b7835a430) Importer(815301076,1909f56bfc062723c751e8b465ee728b)  -> (artifact id: 'c833f665edd6ad96077d4ed6d72b448f') in 0.022566 seconds
Number of updated asset objects reloaded before import = 0
Number of asset objects unloaded after import = 249
========================================================================
Received Import Request.
  Time since last request: 0.000014 seconds.
  path: Assets/FourEvilDragonsPBR/Animations/DragonUsurper/FlyForward.fbx
  artifactKey: Guid(3ab266bf94f3a1a4bb030eb1b90b8600) Importer(815301076,1909f56bfc062723c751e8b465ee728b)
Start importing Assets/FourEvilDragonsPBR/Animations/DragonUsurper/FlyForward.fbx using Guid(3ab266bf94f3a1a4bb030eb1b90b8600) Importer(815301076,1909f56bfc062723c751e8b465ee728b)  -> (artifact id: 'a709640e92c662277814323009ec1e5e') in 0.027611 seconds
Number of updated asset objects reloaded before import = 0
Number of asset objects unloaded after import = 249
========================================================================
Received Import Request.
  Time since last request: 0.000017 seconds.
  path: Assets/FourEvilDragonsPBR/Animations/DragonUsurper/Sleep.fbx
  artifactKey: Guid(1cdc51d0424856e438d5215d61193412) Importer(815301076,1909f56bfc062723c751e8b465ee728b)
Start importing Assets/FourEvilDragonsPBR/Animations/DragonUsurper/Sleep.fbx using Guid(1cdc51d0424856e438d5215d61193412) Importer(815301076,1909f56bfc062723c751e8b465ee728b)  -> (artifact id: '075ddf6e97530940992345f1d18f15f6') in 0.022562 seconds
Number of updated asset objects reloaded before import = 0
Number of asset objects unloaded after import = 249
========================================================================
Received Import Request.
  Time since last request: 0.000024 seconds.
  path: Assets/FourEvilDragonsPBR/Animations/DragonUsurper/Run.fbx
  artifactKey: Guid(239b8825753a9e04ab2528df8f251b8b) Importer(815301076,1909f56bfc062723c751e8b465ee728b)
Start importing Assets/FourEvilDragonsPBR/Animations/DragonUsurper/Run.fbx using Guid(239b8825753a9e04ab2528df8f251b8b) Importer(815301076,1909f56bfc062723c751e8b465ee728b)  -> (artifact id: 'cca97bbdf11a08b8e8bb6129fb24eb90') in 0.021560 seconds
Number of updated asset objects reloaded before import = 0
Number of asset objects unloaded after import = 249
========================================================================
Received Import Request.
  Time since last request: 0.000014 seconds.
  path: Assets/FourEvilDragonsPBR/Animations/DragonUsurper/Walk.fbx
  artifactKey: Guid(9f159f6b3339be1409c27761d89f18bd) Importer(815301076,1909f56bfc062723c751e8b465ee728b)
Start importing Assets/FourEvilDragonsPBR/Animations/DragonUsurper/Walk.fbx using Guid(9f159f6b3339be1409c27761d89f18bd) Importer(815301076,1909f56bfc062723c751e8b465ee728b)  -> (artifact id: 'ddbd49cbe9cdb491209a4040055465d5') in 0.022770 seconds
Number of updated asset objects reloaded before import = 0
Number of asset objects unloaded after import = 249
========================================================================
Received Import Request.
  Time since last request: 12.216665 seconds.
  path: Assets/FourEvilDragonsPBR/Prefab/DragonBoarPBR/GoldBoarPBR.prefab
  artifactKey: Guid(36dd14b7ef773c54e96eb7d110c8b5ce) Importer(815301076,1909f56bfc062723c751e8b465ee728b)
Start importing Assets/FourEvilDragonsPBR/Prefab/DragonBoarPBR/GoldBoarPBR.prefab using Guid(36dd14b7ef773c54e96eb7d110c8b5ce) Importer(815301076,1909f56bfc062723c751e8b465ee728b)  -> (artifact id: '28dc26faa8138b8619c131ea97e37fc7') in 0.656238 seconds
Internal: There are remaining Allocations on the JobTempAlloc. This is a leak, and will impact performance
To Debug, run app with -diag-job-temp-memory-leak-validation cmd line argument. This will output the callstacks of the leaked allocations.
Number of updated asset objects reloaded before import = 0
Number of asset objects unloaded after import = 149
========================================================================
Received Import Request.
  Time since last request: 0.000039 seconds.
  path: Assets/FourEvilDragonsPBR/Prefab/DragonBoarPBR/RedBoarPBR.prefab
  artifactKey: Guid(83187382e7bb7844da2964a6fec3b29b) Importer(815301076,1909f56bfc062723c751e8b465ee728b)
Start importing Assets/FourEvilDragonsPBR/Prefab/DragonBoarPBR/RedBoarPBR.prefab using Guid(83187382e7bb7844da2964a6fec3b29b) Importer(815301076,1909f56bfc062723c751e8b465ee728b)  -> (artifact id: '18cbb41db45dce6654448f03bba0d256') in 0.187092 seconds
Internal: There are remaining Allocations on the JobTempAlloc. This is a leak, and will impact performance
To Debug, run app with -diag-job-temp-memory-leak-validation cmd line argument. This will output the callstacks of the leaked allocations.
Number of updated asset objects reloaded before import = 0
Number of asset objects unloaded after import = 149
========================================================================
Received Import Request.
  Time since last request: 1.525824 seconds.
  path: Assets/FourEvilDragonsPBR/Prefab/DragonNightmare/Blue.prefab
  artifactKey: Guid(edd34a89cfe571f4ca766dcca2459bbe) Importer(815301076,1909f56bfc062723c751e8b465ee728b)
Start importing Assets/FourEvilDragonsPBR/Prefab/DragonNightmare/Blue.prefab using Guid(edd34a89cfe571f4ca766dcca2459bbe) Importer(815301076,1909f56bfc062723c751e8b465ee728b)  -> (artifact id: '903c26e57aff803ce40fed65ef21706a') in 0.080493 seconds
Internal: There are remaining Allocations on the JobTempAlloc. This is a leak, and will impact performance
To Debug, run app with -diag-job-temp-memory-leak-validation cmd line argument. This will output the callstacks of the leaked allocations.
Number of updated asset objects reloaded before import = 0
Number of asset objects unloaded after import = 209
========================================================================
Received Import Request.
  Time since last request: 0.000022 seconds.
  path: Assets/FourEvilDragonsPBR/Prefab/DragonNightmare/Green.prefab
  artifactKey: Guid(281a986484325de459dc1b3709335bc5) Importer(815301076,1909f56bfc062723c751e8b465ee728b)
Start importing Assets/FourEvilDragonsPBR/Prefab/DragonNightmare/Green.prefab using Guid(281a986484325de459dc1b3709335bc5) Importer(815301076,1909f56bfc062723c751e8b465ee728b)  -> (artifact id: '71054d02a877029a04c683e687132d90') in 0.063958 seconds
Internal: There are remaining Allocations on the JobTempAlloc. This is a leak, and will impact performance
To Debug, run app with -diag-job-temp-memory-leak-validation cmd line argument. This will output the callstacks of the leaked allocations.
Number of updated asset objects reloaded before import = 0
Number of asset objects unloaded after import = 209
========================================================================
Received Import Request.
  Time since last request: 1.288168 seconds.
  path: Assets/FourEvilDragonsPBR/Prefab/DragonSoulEater/Green.prefab
  artifactKey: Guid(88e480c990c9d6a458b5fc85fe1da2aa) Importer(815301076,1909f56bfc062723c751e8b465ee728b)
Start importing Assets/FourEvilDragonsPBR/Prefab/DragonSoulEater/Green.prefab using Guid(88e480c990c9d6a458b5fc85fe1da2aa) Importer(815301076,1909f56bfc062723c751e8b465ee728b)  -> (artifact id: '79c6a7305cca5f16bb92dce7f1d6c745') in 0.004452 seconds
Internal: There are remaining Allocations on the JobTempAlloc. This is a leak, and will impact performance
To Debug, run app with -diag-job-temp-memory-leak-validation cmd line argument. This will output the callstacks of the leaked allocations.
Number of updated asset objects reloaded before import = 0
Number of asset objects unloaded after import = 130
========================================================================
Received Import Request.
  Time since last request: 0.000018 seconds.
  path: Assets/FourEvilDragonsPBR/Prefab/DragonSoulEater/Purple.prefab
  artifactKey: Guid(36c38a65d57de7d4a9a582f9ee857701) Importer(815301076,1909f56bfc062723c751e8b465ee728b)
Start importing Assets/FourEvilDragonsPBR/Prefab/DragonSoulEater/Purple.prefab using Guid(36c38a65d57de7d4a9a582f9ee857701) Importer(815301076,1909f56bfc062723c751e8b465ee728b)  -> (artifact id: '7affadabfcdb05efa1f0759d77730b73') in 0.002965 seconds
Internal: There are remaining Allocations on the JobTempAlloc. This is a leak, and will impact performance
To Debug, run app with -diag-job-temp-memory-leak-validation cmd line argument. This will output the callstacks of the leaked allocations.
Number of updated asset objects reloaded before import = 0
Number of asset objects unloaded after import = 130
========================================================================
Received Import Request.
  Time since last request: 1.046533 seconds.
  path: Assets/FourEvilDragonsPBR/Prefab/DragonSoulEaterHP/DragonSoulEaterGreenHP.prefab
  artifactKey: Guid(fb64934996b606541bc2557bc4f51645) Importer(815301076,1909f56bfc062723c751e8b465ee728b)
Start importing Assets/FourEvilDragonsPBR/Prefab/DragonSoulEaterHP/DragonSoulEaterGreenHP.prefab using Guid(fb64934996b606541bc2557bc4f51645) Importer(815301076,1909f56bfc062723c751e8b465ee728b)  -> (artifact id: '26f318917dbc36f2f224e238869dc6ba') in 0.051597 seconds
Internal: JobTempAlloc has allocations that are more than the maximum lifespan of 4 frames old - this is not allowed and likely a leak
To Debug, run app with -diag-job-temp-memory-leak-validation cmd line argument. This will output the callstacks of the leaked allocations.
Internal: There are remaining Allocations on the JobTempAlloc. This is a leak, and will impact performance
To Debug, run app with -diag-job-temp-memory-leak-validation cmd line argument. This will output the callstacks of the leaked allocations.
Number of updated asset objects reloaded before import = 0
Number of asset objects unloaded after import = 187
========================================================================
Received Import Request.
  Time since last request: 0.000030 seconds.
  path: Assets/FourEvilDragonsPBR/Prefab/DragonSoulEaterHP/DragonSoulEaterPurpleHP.prefab
  artifactKey: Guid(d49b3de70b15bcc4c92b72c9d8610ebc) Importer(815301076,1909f56bfc062723c751e8b465ee728b)
Start importing Assets/FourEvilDragonsPBR/Prefab/DragonSoulEaterHP/DragonSoulEaterPurpleHP.prefab using Guid(d49b3de70b15bcc4c92b72c9d8610ebc) Importer(815301076,1909f56bfc062723c751e8b465ee728b)  -> (artifact id: '706c8d81d7f4a711fc1c4e10a3644ebc') in 0.045245 seconds
Internal: There are remaining Allocations on the JobTempAlloc. This is a leak, and will impact performance
To Debug, run app with -diag-job-temp-memory-leak-validation cmd line argument. This will output the callstacks of the leaked allocations.
Number of updated asset objects reloaded before import = 0
Number of asset objects unloaded after import = 187
========================================================================
Received Import Request.
  Time since last request: 0.000025 seconds.
  path: Assets/FourEvilDragonsPBR/Prefab/DragonSoulEaterHP/DragonSoulEaterRedHP.prefab
  artifactKey: Guid(318830e16c9af9a449459f9b35ed0179) Importer(815301076,1909f56bfc062723c751e8b465ee728b)
Start importing Assets/FourEvilDragonsPBR/Prefab/DragonSoulEaterHP/DragonSoulEaterRedHP.prefab using Guid(318830e16c9af9a449459f9b35ed0179) Importer(815301076,1909f56bfc062723c751e8b465ee728b)  -> (artifact id: '0068e775cfd1a3f916fcbe22635a00e5') in 0.040078 seconds
Internal: There are remaining Allocations on the JobTempAlloc. This is a leak, and will impact performance
To Debug, run app with -diag-job-temp-memory-leak-validation cmd line argument. This will output the callstacks of the leaked allocations.
Number of updated asset objects reloaded before import = 0
Number of asset objects unloaded after import = 187
========================================================================
Received Import Request.
  Time since last request: 0.390709 seconds.
  path: Assets/FourEvilDragonsPBR/Prefab/DragonSoulEaterPBR/DragonSoulEaterGreenPBR.prefab
  artifactKey: Guid(1d6a1f892e553d1499063fb87a1266c4) Importer(815301076,1909f56bfc062723c751e8b465ee728b)
Start importing Assets/FourEvilDragonsPBR/Prefab/DragonSoulEaterPBR/DragonSoulEaterGreenPBR.prefab using Guid(1d6a1f892e553d1499063fb87a1266c4) Importer(815301076,1909f56bfc062723c751e8b465ee728b)  -> (artifact id: '48ed9ef20a10fee7c203832cfbfce29e') in 0.481522 seconds
Internal: There are remaining Allocations on the JobTempAlloc. This is a leak, and will impact performance
To Debug, run app with -diag-job-temp-memory-leak-validation cmd line argument. This will output the callstacks of the leaked allocations.
Number of updated asset objects reloaded before import = 0
Number of asset objects unloaded after import = 191
========================================================================
Received Import Request.
  Time since last request: 0.000032 seconds.
  path: Assets/FourEvilDragonsPBR/Prefab/DragonSoulEaterPBR/DragonSoulEaterRedPBR.prefab
  artifactKey: Guid(a0740f648a2224844a894ba6a107d0a9) Importer(815301076,1909f56bfc062723c751e8b465ee728b)
Start importing Assets/FourEvilDragonsPBR/Prefab/DragonSoulEaterPBR/DragonSoulEaterRedPBR.prefab using Guid(a0740f648a2224844a894ba6a107d0a9) Importer(815301076,1909f56bfc062723c751e8b465ee728b)  -> (artifact id: 'be73d1e8819f7ab6c64b353eb4573366') in 0.085102 seconds
Internal: There are remaining Allocations on the JobTempAlloc. This is a leak, and will impact performance
To Debug, run app with -diag-job-temp-memory-leak-validation cmd line argument. This will output the callstacks of the leaked allocations.
Number of updated asset objects reloaded before import = 0
Number of asset objects unloaded after import = 191
========================================================================
Received Import Request.
  Time since last request: 0.098216 seconds.
  path: Assets/FourEvilDragonsPBR/Prefab/DragonTerrorBringer/Green.prefab
  artifactKey: Guid(4e7d7ecd1eafb1746a1fcb020505943c) Importer(815301076,1909f56bfc062723c751e8b465ee728b)
Start importing Assets/FourEvilDragonsPBR/Prefab/DragonTerrorBringer/Green.prefab using Guid(4e7d7ecd1eafb1746a1fcb020505943c) Importer(815301076,1909f56bfc062723c751e8b465ee728b)  -> (artifact id: '292c44edd0228566d14a33e7a58458a9') in 0.116108 seconds
Internal: There are remaining Allocations on the JobTempAlloc. This is a leak, and will impact performance
To Debug, run app with -diag-job-temp-memory-leak-validation cmd line argument. This will output the callstacks of the leaked allocations.
Number of updated asset objects reloaded before import = 0
Number of asset objects unloaded after import = 238
========================================================================
Received Import Request.
  Time since last request: 0.000044 seconds.
  path: Assets/FourEvilDragonsPBR/Prefab/DragonTerrorBringer/Red.prefab
  artifactKey: Guid(59c100dd669d88f46b60555886d4dae7) Importer(815301076,1909f56bfc062723c751e8b465ee728b)
Start importing Assets/FourEvilDragonsPBR/Prefab/DragonTerrorBringer/Red.prefab using Guid(59c100dd669d88f46b60555886d4dae7) Importer(815301076,1909f56bfc062723c751e8b465ee728b)  -> (artifact id: 'e84b9e4ab55bebe1cf36194a622f8244') in 0.097570 seconds
Internal: There are remaining Allocations on the JobTempAlloc. This is a leak, and will impact performance
To Debug, run app with -diag-job-temp-memory-leak-validation cmd line argument. This will output the callstacks of the leaked allocations.
Number of updated asset objects reloaded before import = 0
Number of asset objects unloaded after import = 238
========================================================================
Received Import Request.
  Time since last request: 0.662787 seconds.
  path: Assets/FourEvilDragonsPBR/Prefab/DragonUsurper/Black.prefab
  artifactKey: Guid(09ade59177310454ba3c93ae4b7dc125) Importer(815301076,1909f56bfc062723c751e8b465ee728b)
Start importing Assets/FourEvilDragonsPBR/Prefab/DragonUsurper/Black.prefab using Guid(09ade59177310454ba3c93ae4b7dc125) Importer(815301076,1909f56bfc062723c751e8b465ee728b)  -> (artifact id: 'b3c39fc5002071d30d2e36080a0ef8e7') in 0.086790 seconds
Internal: There are remaining Allocations on the JobTempAlloc. This is a leak, and will impact performance
To Debug, run app with -diag-job-temp-memory-leak-validation cmd line argument. This will output the callstacks of the leaked allocations.
Number of updated asset objects reloaded before import = 0
Number of asset objects unloaded after import = 310
========================================================================
Received Import Request.
  Time since last request: 0.000030 seconds.
  path: Assets/FourEvilDragonsPBR/Prefab/DragonUsurper/Red.prefab
  artifactKey: Guid(eb58e8f2831a51f45a44a261e6710cdd) Importer(815301076,1909f56bfc062723c751e8b465ee728b)
Start importing Assets/FourEvilDragonsPBR/Prefab/DragonUsurper/Red.prefab using Guid(eb58e8f2831a51f45a44a261e6710cdd) Importer(815301076,1909f56bfc062723c751e8b465ee728b)  -> (artifact id: 'e61d48fea59b6aa6f8663ba5441bf15c') in 0.092435 seconds
Internal: There are remaining Allocations on the JobTempAlloc. This is a leak, and will impact performance
To Debug, run app with -diag-job-temp-memory-leak-validation cmd line argument. This will output the callstacks of the leaked allocations.
Number of updated asset objects reloaded before import = 0
Number of asset objects unloaded after import = 310
